WARNING:EDK:3605 - Use of the repository located at
   C:\Xilinx\13.4\ISE_DS\edk_user_repository\ 
   (equivalent of $XILINX_EDK/../edk_user_repository) is now deprecated. 
   It is recommended that you use Global SearchPath preference to specify search
   paths that apply to all the projects.

Checking platform configuration ...
IPNAME: lmb_v10, INSTANCE: microblaze_0_ilmb - 1 master(s) : 1 slave(s) 
IPNAME: lmb_v10, INSTANCE: microblaze_0_dlmb - 1 master(s) : 1 slave(s) 
IPNAME: axi_interconnect, INSTANCE: axi4lite_0 - 1 master(s) : 5 slave(s) 

Checking port drivers...
WARNING:EDK:4180 - PORT: bscan_tdo1, CONNECTOR: bscan_tdo1 - No driver found.
   Port will be driven to GND -
   C:\Xilinx\13.4\ISE_DS\EDK\hw\XilinxProcessorIPLib\pcores\mdm_v2_00_b\data\mdm
   _v2_1_0.mpd line 239 
WARNING:EDK:4181 - PORT: bscan_tdi, CONNECTOR: bscan_tdi - floating connection -
   C:\Xilinx\13.4\ISE_DS\EDK\hw\XilinxProcessorIPLib\pcores\mdm_v2_00_b\data\mdm
   _v2_1_0.mpd line 232 
WARNING:EDK:4181 - PORT: bscan_reset, CONNECTOR: bscan_reset - floating
   connection -
   C:\Xilinx\13.4\ISE_DS\EDK\hw\XilinxProcessorIPLib\pcores\mdm_v2_00_b\data\mdm
   _v2_1_0.mpd line 233 
WARNING:EDK:4181 - PORT: bscan_shift, CONNECTOR: bscan_shift - floating
   connection -
   C:\Xilinx\13.4\ISE_DS\EDK\hw\XilinxProcessorIPLib\pcores\mdm_v2_00_b\data\mdm
   _v2_1_0.mpd line 234 
WARNING:EDK:4181 - PORT: bscan_update, CONNECTOR: bscan_update - floating
   connection -
   C:\Xilinx\13.4\ISE_DS\EDK\hw\XilinxProcessorIPLib\pcores\mdm_v2_00_b\data\mdm
   _v2_1_0.mpd line 235 
WARNING:EDK:4181 - PORT: bscan_capture, CONNECTOR: bscan_capture - floating
   connection -
   C:\Xilinx\13.4\ISE_DS\EDK\hw\XilinxProcessorIPLib\pcores\mdm_v2_00_b\data\mdm
   _v2_1_0.mpd line 236 
WARNING:EDK:4181 - PORT: bscan_sel1, CONNECTOR: bscan_sel1 - floating connection
   -
   C:\Xilinx\13.4\ISE_DS\EDK\hw\XilinxProcessorIPLib\pcores\mdm_v2_00_b\data\mdm
   _v2_1_0.mpd line 237 
WARNING:EDK:4181 - PORT: bscan_drck1, CONNECTOR: bscan_drck1 - floating
   connection -
   C:\Xilinx\13.4\ISE_DS\EDK\hw\XilinxProcessorIPLib\pcores\mdm_v2_00_b\data\mdm
   _v2_1_0.mpd line 238 

Performing Clock DRCs...

Performing Reset DRCs...

Overriding system level properties...

INFO: Setting C_RANGE_CHECK = ON for axi_interconnect axi4lite_0.

Running system level update procedures...

Running UPDATE Tcl procedures for OPTION SYSLEVEL_UPDATE_PROC...

Running system level DRCs...

Performing System level DRCs on properties...

Running DRC Tcl procedures for OPTION SYSLEVEL_DRC_PROC...
Conversion to XML complete.
