Release 13.4 - platgen Xilinx EDK 13.4 Build EDK_O.87xd
 (nt64)
Copyright (c) 1995-2011 Xilinx, Inc.  All rights reserved.

Command Line: platgen -p xc6slx45csg324-3 -lang vhdl -intstyle default -lp
C:/EE427/Atlys_BSB_Support_v_3_4/Atlys_AXI_BSB_Support/lib/ -msg
__xps/ise/xmsgprops.lst system.mhs 

Parse C:/Users/superman/Documents/TylerBondGithub/ecen427/dmaHardware/system.mhs
...

Read MPD definitions ...
WARNING:EDK:3605 - Use of the repository located at
   C:\Xilinx\13.4\ISE_DS\edk_user_repository\ 
   (equivalent of $XILINX_EDK/../edk_user_repository) is now deprecated. 
   It is recommended that you use Global SearchPath preference to specify search
   paths that apply to all the projects.

Overriding IP level properties ...
INFO:EDK:4130 - IPNAME: microblaze, INSTANCE:microblaze_0 - tcl is overriding
   PARAMETER C_ENDIANNESS value to 1 -
   C:\Xilinx\13.4\ISE_DS\EDK\hw\XilinxProcessorIPLib\pcores\microblaze_v8_20_b\d
   ata\microblaze_v2_1_0.mpd line 195 
INFO:EDK:4130 - IPNAME: microblaze, INSTANCE:microblaze_0 - tcl is overriding
   PARAMETER C_ICACHE_USE_FSL value to 0 -
   C:\Xilinx\13.4\ISE_DS\EDK\hw\XilinxProcessorIPLib\pcores\microblaze_v8_20_b\d
   ata\microblaze_v2_1_0.mpd line 334 
INFO:EDK:4130 - IPNAME: microblaze, INSTANCE:microblaze_0 - tcl is overriding
   PARAMETER C_DCACHE_USE_FSL value to 0 -
   C:\Xilinx\13.4\ISE_DS\EDK\hw\XilinxProcessorIPLib\pcores\microblaze_v8_20_b\d
   ata\microblaze_v2_1_0.mpd line 364 
INFO:EDK:4130 - IPNAME: axi_interconnect, INSTANCE:axi4lite_0 - tcl is
   overriding PARAMETER C_BASEFAMILY value to spartan6 -
   C:\Xilinx\13.4\ISE_DS\EDK\hw\XilinxProcessorIPLib\pcores\axi_interconnect_v1_
   05_a\data\axi_interconnect_v2_1_0.mpd line 78 
INFO:EDK:4130 - IPNAME: axi_interconnect, INSTANCE:axi4_0 - tcl is overriding
   PARAMETER C_BASEFAMILY value to spartan6 -
   C:\Xilinx\13.4\ISE_DS\EDK\hw\XilinxProcessorIPLib\pcores\axi_interconnect_v1_
   05_a\data\axi_interconnect_v2_1_0.mpd line 78 
INFO:EDK:4130 - IPNAME: axi_s6_ddrx, INSTANCE:MCB_DDR2 - tcl is overriding
   PARAMETER C_SYS_RST_PRESENT value to 1 -
   C:\Xilinx\13.4\ISE_DS\EDK\hw\XilinxProcessorIPLib\pcores\axi_s6_ddrx_v1_05_a\
   data\axi_s6_ddrx_v2_1_0.mpd line 237 

Computing clock values...
INFO:EDK:740 - Cannot determine the input clock associated with port :
   microblaze_0_i_bram_ctrl:BRAM_Clk_A. Clock DRCs will not be performed on this
   core and cores connected to it. 
INFO:EDK:740 - Cannot determine the input clock associated with port :
   microblaze_0_d_bram_ctrl:BRAM_Clk_A. Clock DRCs will not be performed on this
   core and cores connected to it. 

Performing IP level DRCs on properties...

Running DRC Tcl procedures for OPTION IPLEVEL_DRC_PROC...
Address Map for Processor microblaze_0
  (0000000000-0x00001fff) microblaze_0_d_bram_ctrl	microblaze_0_dlmb
  (0000000000-0x00001fff) microblaze_0_i_bram_ctrl	microblaze_0_ilmb
  (0x40000000-0x4000ffff) Push_Buttons_5Bits	axi4lite_0
  (0x40020000-0x4002ffff) LEDs_8Bits	axi4lite_0
  (0x40040000-0x4004ffff) DIP_Switches_8Bits	axi4lite_0
  (0x40600000-0x4060ffff) RS232_Uart_1	axi4lite_0
  (0x41200000-0x4120ffff) microblaze_0_intc	axi4lite_0
  (0x41400000-0x4140ffff) debug_module	axi4lite_0
  (0x77e00000-0x77e0ffff) dma_controller_0	axi4lite_0
  (0xa8000000-0xafffffff) MCB_DDR2	axi4_0
INFO:EDK:4130 - IPNAME: lmb_v10, INSTANCE:microblaze_0_ilmb - tool is overriding
   PARAMETER C_LMB_NUM_SLAVES value to 1 -
   C:\Xilinx\13.4\ISE_DS\EDK\hw\XilinxProcessorIPLib\pcores\lmb_v10_v2_00_b\data
   \lmb_v10_v2_1_0.mpd line 80 
INFO:EDK:4130 - IPNAME: lmb_v10, INSTANCE:microblaze_0_dlmb - tool is overriding
   PARAMETER C_LMB_NUM_SLAVES value to 1 -
   C:\Xilinx\13.4\ISE_DS\EDK\hw\XilinxProcessorIPLib\pcores\lmb_v10_v2_00_b\data
   \lmb_v10_v2_1_0.mpd line 80 
INFO:EDK:4130 - IPNAME: bram_block, INSTANCE:microblaze_0_bram_block - tool is
   overriding PARAMETER C_MEMSIZE value to 0x2000 -
   C:\Xilinx\13.4\ISE_DS\EDK\hw\XilinxProcessorIPLib\pcores\bram_block_v1_00_a\d
   ata\bram_block_v2_1_0.mpd line 76 

Checking platform address map ...

Checking platform configuration ...
IPNAME: lmb_v10, INSTANCE: microblaze_0_ilmb - 1 master(s) : 1 slave(s) 
IPNAME: lmb_v10, INSTANCE: microblaze_0_dlmb - 1 master(s) : 1 slave(s) 
IPNAME: axi_interconnect, INSTANCE: axi4lite_0 - 1 master(s) : 7 slave(s) 
IPNAME: axi_interconnect, INSTANCE: axi4_0 - 3 master(s) : 1 slave(s) 
WARNING:EDK:3977 - AXI4 protocol type BUSIF: S0_AXI of IPINSTANCE: MCB_DDR2 
   connected with AXI4LITE type BUSIF: M_AXI of IPINSTANCE: dma_controller_0.

Checking port drivers...
WARNING:EDK:4180 - PORT: bscan_tdo1, CONNECTOR: bscan_tdo1 - No driver found.
   Port will be driven to GND -
   C:\Xilinx\13.4\ISE_DS\EDK\hw\XilinxProcessorIPLib\pcores\mdm_v2_00_b\data\mdm
   _v2_1_0.mpd line 239 
WARNING:EDK:4181 - PORT: bscan_tdi, CONNECTOR: bscan_tdi - floating connection -
   C:\Xilinx\13.4\ISE_DS\EDK\hw\XilinxProcessorIPLib\pcores\mdm_v2_00_b\data\mdm
   _v2_1_0.mpd line 232 
WARNING:EDK:4181 - PORT: bscan_reset, CONNECTOR: bscan_reset - floating
   connection -
   C:\Xilinx\13.4\ISE_DS\EDK\hw\XilinxProcessorIPLib\pcores\mdm_v2_00_b\data\mdm
   _v2_1_0.mpd line 233 
WARNING:EDK:4181 - PORT: bscan_shift, CONNECTOR: bscan_shift - floating
   connection -
   C:\Xilinx\13.4\ISE_DS\EDK\hw\XilinxProcessorIPLib\pcores\mdm_v2_00_b\data\mdm
   _v2_1_0.mpd line 234 
WARNING:EDK:4181 - PORT: bscan_update, CONNECTOR: bscan_update - floating
   connection -
   C:\Xilinx\13.4\ISE_DS\EDK\hw\XilinxProcessorIPLib\pcores\mdm_v2_00_b\data\mdm
   _v2_1_0.mpd line 235 
WARNING:EDK:4181 - PORT: bscan_capture, CONNECTOR: bscan_capture - floating
   connection -
   C:\Xilinx\13.4\ISE_DS\EDK\hw\XilinxProcessorIPLib\pcores\mdm_v2_00_b\data\mdm
   _v2_1_0.mpd line 236 
WARNING:EDK:4181 - PORT: bscan_sel1, CONNECTOR: bscan_sel1 - floating connection
   -
   C:\Xilinx\13.4\ISE_DS\EDK\hw\XilinxProcessorIPLib\pcores\mdm_v2_00_b\data\mdm
   _v2_1_0.mpd line 237 
WARNING:EDK:4181 - PORT: bscan_drck1, CONNECTOR: bscan_drck1 - floating
   connection -
   C:\Xilinx\13.4\ISE_DS\EDK\hw\XilinxProcessorIPLib\pcores\mdm_v2_00_b\data\mdm
   _v2_1_0.mpd line 238 

Performing Clock DRCs...

Performing Reset DRCs...

Overriding system level properties...
INFO:EDK:4130 - IPNAME: axi_intc, INSTANCE:microblaze_0_intc - tcl is overriding
   PARAMETER C_KIND_OF_INTR value to 0b11111111111111111111111111111100 -
   C:\Xilinx\13.4\ISE_DS\EDK\hw\XilinxProcessorIPLib\pcores\axi_intc_v1_01_a\dat
   a\axi_intc_v2_1_0.mpd line 81 
INFO:EDK:4130 - IPNAME: axi_intc, INSTANCE:microblaze_0_intc - tcl is overriding
   PARAMETER C_KIND_OF_EDGE value to 0b11111111111111111111111111111111 -
   C:\Xilinx\13.4\ISE_DS\EDK\hw\XilinxProcessorIPLib\pcores\axi_intc_v1_01_a\dat
   a\axi_intc_v2_1_0.mpd line 82 
INFO:EDK:4130 - IPNAME: axi_intc, INSTANCE:microblaze_0_intc - tcl is overriding
   PARAMETER C_KIND_OF_LVL value to 0b11111111111111111111111111111111 -
   C:\Xilinx\13.4\ISE_DS\EDK\hw\XilinxProcessorIPLib\pcores\axi_intc_v1_01_a\dat
   a\axi_intc_v2_1_0.mpd line 83 
INFO:EDK:4130 - IPNAME: lmb_bram_if_cntlr, INSTANCE:microblaze_0_i_bram_ctrl -
   tcl is overriding PARAMETER C_MASK value to 0x48000000 -
   C:\Xilinx\13.4\ISE_DS\EDK\hw\XilinxProcessorIPLib\pcores\lmb_bram_if_cntlr_v3
   _00_b\data\lmb_bram_if_cntlr_v2_1_0.mpd line 87 
INFO:EDK:4130 - IPNAME: lmb_bram_if_cntlr, INSTANCE:microblaze_0_d_bram_ctrl -
   tcl is overriding PARAMETER C_MASK value to 0x48000000 -
   C:\Xilinx\13.4\ISE_DS\EDK\hw\XilinxProcessorIPLib\pcores\lmb_bram_if_cntlr_v3
   _00_b\data\lmb_bram_if_cntlr_v2_1_0.mpd line 87 
INFO:EDK:4130 - IPNAME: microblaze, INSTANCE:microblaze_0 - tcl is overriding
   PARAMETER C_D_AXI value to 1 -
   C:\Xilinx\13.4\ISE_DS\EDK\hw\XilinxProcessorIPLib\pcores\microblaze_v8_20_b\d
   ata\microblaze_v2_1_0.mpd line 228 
INFO:EDK:4130 - IPNAME: microblaze, INSTANCE:microblaze_0 - tcl is overriding
   PARAMETER C_ADDR_TAG_BITS value to 14 -
   C:\Xilinx\13.4\ISE_DS\EDK\hw\XilinxProcessorIPLib\pcores\microblaze_v8_20_b\d
   ata\microblaze_v2_1_0.mpd line 332 
INFO:EDK:4130 - IPNAME: microblaze, INSTANCE:microblaze_0 - tcl is overriding
   PARAMETER C_DCACHE_ADDR_TAG value to 14 -
   C:\Xilinx\13.4\ISE_DS\EDK\hw\XilinxProcessorIPLib\pcores\microblaze_v8_20_b\d
   ata\microblaze_v2_1_0.mpd line 362 
INFO:EDK:4130 - IPNAME: microblaze, INSTANCE:microblaze_0 - tcl is overriding
   PARAMETER C_USE_INTERRUPT value to 1 -
   C:\Xilinx\13.4\ISE_DS\EDK\hw\XilinxProcessorIPLib\pcores\microblaze_v8_20_b\d
   ata\microblaze_v2_1_0.mpd line 396 
INFO:EDK:4130 - IPNAME: microblaze, INSTANCE:microblaze_0 - tcl is overriding
   PARAMETER C_USE_EXT_BRK value to 1 -
   C:\Xilinx\13.4\ISE_DS\EDK\hw\XilinxProcessorIPLib\pcores\microblaze_v8_20_b\d
   ata\microblaze_v2_1_0.mpd line 397 
INFO:EDK:4130 - IPNAME: microblaze, INSTANCE:microblaze_0 - tcl is overriding
   PARAMETER C_USE_EXT_NM_BRK value to 1 -
   C:\Xilinx\13.4\ISE_DS\EDK\hw\XilinxProcessorIPLib\pcores\microblaze_v8_20_b\d
   ata\microblaze_v2_1_0.mpd line 398 

INFO: Setting C_RANGE_CHECK = ON for axi_interconnect axi4lite_0.
INFO:EDK:4130 - IPNAME: axi_interconnect, INSTANCE:axi4lite_0 - tcl is
   overriding PARAMETER C_RANGE_CHECK value to 1 -
   C:\Xilinx\13.4\ISE_DS\EDK\hw\XilinxProcessorIPLib\pcores\axi_interconnect_v1_
   05_a\data\axi_interconnect_v2_1_0.mpd line 146 

INFO: Setting C_RANGE_CHECK = OFF for axi_interconnect axi4_0; no DECERR
checking will be performed.
INFO:EDK:4130 - IPNAME: axi_interconnect, INSTANCE:axi4_0 - tcl is overriding
   PARAMETER C_RANGE_CHECK value to 0 -
   C:\Xilinx\13.4\ISE_DS\EDK\hw\XilinxProcessorIPLib\pcores\axi_interconnect_v1_
   05_a\data\axi_interconnect_v2_1_0.mpd line 146 
INFO:EDK:4130 - IPNAME: axi_s6_ddrx, INSTANCE:MCB_DDR2 - tcl is overriding
   PARAMETER C_MEMCLK_PERIOD value to 3333 -
   C:\Xilinx\13.4\ISE_DS\EDK\hw\XilinxProcessorIPLib\pcores\axi_s6_ddrx_v1_05_a\
   data\axi_s6_ddrx_v2_1_0.mpd line 119 
INFO:EDK:4130 - IPNAME: axi_s6_ddrx, INSTANCE:MCB_DDR2 - tcl is overriding
   PARAMETER C_S1_AXI_REG_EN0 value to 0x0000F -
   C:\Xilinx\13.4\ISE_DS\EDK\hw\XilinxProcessorIPLib\pcores\axi_s6_ddrx_v1_05_a\
   data\axi_s6_ddrx_v2_1_0.mpd line 174 
INFO:EDK:4130 - IPNAME: axi_s6_ddrx, INSTANCE:MCB_DDR2 - tcl is overriding
   PARAMETER C_S2_AXI_REG_EN0 value to 0x0000F -
   C:\Xilinx\13.4\ISE_DS\EDK\hw\XilinxProcessorIPLib\pcores\axi_s6_ddrx_v1_05_a\
   data\axi_s6_ddrx_v2_1_0.mpd line 188 
INFO:EDK:4130 - IPNAME: axi_s6_ddrx, INSTANCE:MCB_DDR2 - tcl is overriding
   PARAMETER C_S3_AXI_REG_EN0 value to 0x0000F -
   C:\Xilinx\13.4\ISE_DS\EDK\hw\XilinxProcessorIPLib\pcores\axi_s6_ddrx_v1_05_a\
   data\axi_s6_ddrx_v2_1_0.mpd line 202 
INFO:EDK:4130 - IPNAME: axi_s6_ddrx, INSTANCE:MCB_DDR2 - tcl is overriding
   PARAMETER C_S4_AXI_REG_EN0 value to 0x0000F -
   C:\Xilinx\13.4\ISE_DS\EDK\hw\XilinxProcessorIPLib\pcores\axi_s6_ddrx_v1_05_a\
   data\axi_s6_ddrx_v2_1_0.mpd line 216 
INFO:EDK:4130 - IPNAME: axi_s6_ddrx, INSTANCE:MCB_DDR2 - tcl is overriding
   PARAMETER C_S5_AXI_REG_EN0 value to 0x0000F -
   C:\Xilinx\13.4\ISE_DS\EDK\hw\XilinxProcessorIPLib\pcores\axi_s6_ddrx_v1_05_a\
   data\axi_s6_ddrx_v2_1_0.mpd line 230 

Running system level update procedures...

Running UPDATE Tcl procedures for OPTION SYSLEVEL_UPDATE_PROC...
Invoking MIG ...
MIG returned 0

Running system level DRCs...

Performing System level DRCs on properties...

Running DRC Tcl procedures for OPTION SYSLEVEL_DRC_PROC...

Running UPDATE Tcl procedures for OPTION PLATGEN_SYSLEVEL_UPDATE_PROC...
INFO: Setting timing constaints for microblaze_0_ilmb.
INFO: The microblaze_0_ilmb core has constraints automatically generated by XPS
in implementation/microblaze_0_ilmb_wrapper/microblaze_0_ilmb_wrapper.ucf.
It can be overridden by constraints placed in the system.ucf file.

INFO: Setting timing constaints for microblaze_0_dlmb.
INFO: The microblaze_0_dlmb core has constraints automatically generated by XPS
in implementation/microblaze_0_dlmb_wrapper/microblaze_0_dlmb_wrapper.ucf.
It can be overridden by constraints placed in the system.ucf file.

INFO: Setting timing constaints for microblaze_0.
INFO: The microblaze_0 core has constraints automatically generated by XPS in
implementation/microblaze_0_wrapper/microblaze_0_wrapper.ucf.
It can be overridden by constraints placed in the system.ucf file.

INFO: No synchronous clock conversions in axi_interconnect axi4lite_0.
INFO: No asynchronous clock conversions in axi_interconnect axi4lite_0.
INFO: No synchronous clock conversions in axi_interconnect axi4_0.
INFO: No asynchronous clock conversions in axi_interconnect axi4_0.
INFO: Forcing parameter C_SIMULATION = "FALSE" in IP axi_s6_ddrx.

Modify defaults ...

Creating stub ...

Processing licensed instances ...
Completion time: 0.00 seconds

Creating hardware output directories ...

Managing hardware (BBD-specified) netlist files ...

Managing cache ...
IPNAME:proc_sys_reset INSTANCE:proc_sys_reset_0 -
C:\Users\superman\Documents\TylerBondGithub\ecen427\dmaHardware\system.mhs line
41 - Copying cache implementation netlist
IPNAME:axi_intc INSTANCE:microblaze_0_intc -
C:\Users\superman\Documents\TylerBondGithub\ecen427\dmaHardware\system.mhs line
54 - Copying cache implementation netlist
IPNAME:lmb_v10 INSTANCE:microblaze_0_ilmb -
C:\Users\superman\Documents\TylerBondGithub\ecen427\dmaHardware\system.mhs line
65 - Copying cache implementation netlist
IPNAME:lmb_bram_if_cntlr INSTANCE:microblaze_0_i_bram_ctrl -
C:\Users\superman\Documents\TylerBondGithub\ecen427\dmaHardware\system.mhs line
72 - Copying cache implementation netlist
IPNAME:lmb_v10 INSTANCE:microblaze_0_dlmb -
C:\Users\superman\Documents\TylerBondGithub\ecen427\dmaHardware\system.mhs line
81 - Copying cache implementation netlist
IPNAME:lmb_bram_if_cntlr INSTANCE:microblaze_0_d_bram_ctrl -
C:\Users\superman\Documents\TylerBondGithub\ecen427\dmaHardware\system.mhs line
88 - Copying cache implementation netlist
IPNAME:bram_block INSTANCE:microblaze_0_bram_block -
C:\Users\superman\Documents\TylerBondGithub\ecen427\dmaHardware\system.mhs line
97 - Copying cache implementation netlist
IPNAME:microblaze INSTANCE:microblaze_0 -
C:\Users\superman\Documents\TylerBondGithub\ecen427\dmaHardware\system.mhs line
104 - Copying cache implementation netlist
IPNAME:mdm INSTANCE:debug_module -
C:\Users\superman\Documents\TylerBondGithub\ecen427\dmaHardware\system.mhs line
132 - Copying cache implementation netlist
IPNAME:axi_uartlite INSTANCE:rs232_uart_1 -
C:\Users\superman\Documents\TylerBondGithub\ecen427\dmaHardware\system.mhs line
182 - Copying cache implementation netlist
IPNAME:axi_gpio INSTANCE:push_buttons_5bits -
C:\Users\superman\Documents\TylerBondGithub\ecen427\dmaHardware\system.mhs line
197 - Copying cache implementation netlist
IPNAME:axi_gpio INSTANCE:leds_8bits -
C:\Users\superman\Documents\TylerBondGithub\ecen427\dmaHardware\system.mhs line
260 - Copying cache implementation netlist
IPNAME:axi_gpio INSTANCE:dip_switches_8bits -
C:\Users\superman\Documents\TylerBondGithub\ecen427\dmaHardware\system.mhs line
274 - Copying cache implementation netlist

Elaborating instances ...
IPNAME:bram_block INSTANCE:microblaze_0_bram_block -
C:\Users\superman\Documents\TylerBondGithub\ecen427\dmaHardware\system.mhs line
97 - elaborating IP
IPNAME:clock_generator INSTANCE:clock_generator_0 -
C:\Users\superman\Documents\TylerBondGithub\ecen427\dmaHardware\system.mhs line
145 - elaborating IP
ClkGen elaborate status: PASSED
----------------------------------------

Writing HDL for elaborated instances ...

Inserting wrapper level ...
Completion time: 0.00 seconds

Constructing platform-level connectivity ...
Completion time: 0.00 seconds

Writing (top-level) BMM ...

Writing (top-level and wrappers) HDL ...

Generating synthesis project file ...

Running XST synthesis ...

INFO:EDK:4211 - The following instances are synthesized with XST. The MPD option
   IMP_NETLIST=TRUE indicates that a NGC file is to be produced using XST
   synthesis. IMP_NETLIST=FALSE (default) instances are not synthesized. 
INSTANCE:clock_generator_0 -
C:\Users\superman\Documents\TylerBondGithub\ecen427\dmaHardware\system.mhs line
145 - Running XST synthesis
INSTANCE:axi4lite_0 -
C:\Users\superman\Documents\TylerBondGithub\ecen427\dmaHardware\system.mhs line
167 - Running XST synthesis
INSTANCE:axi4_0 -
C:\Users\superman\Documents\TylerBondGithub\ecen427\dmaHardware\system.mhs line
175 - Running XST synthesis
INSTANCE:mcb_ddr2 -
C:\Users\superman\Documents\TylerBondGithub\ecen427\dmaHardware\system.mhs line
212 - Running XST synthesis
INSTANCE:dma_controller_0 -
C:\Users\superman\Documents\TylerBondGithub\ecen427\dmaHardware\system.mhs line
289 - Running XST synthesis

Running NGCBUILD ...
IPNAME:clock_generator_0_wrapper INSTANCE:clock_generator_0 -
C:\Users\superman\Documents\TylerBondGithub\ecen427\dmaHardware\system.mhs line
145 - Running NGCBUILD
IPNAME:axi4lite_0_wrapper INSTANCE:axi4lite_0 -
C:\Users\superman\Documents\TylerBondGithub\ecen427\dmaHardware\system.mhs line
167 - Running NGCBUILD
IPNAME:axi4_0_wrapper INSTANCE:axi4_0 -
C:\Users\superman\Documents\TylerBondGithub\ecen427\dmaHardware\system.mhs line
175 - Running NGCBUILD
IPNAME:mcb_ddr2_wrapper INSTANCE:mcb_ddr2 -
C:\Users\superman\Documents\TylerBondGithub\ecen427\dmaHardware\system.mhs line
212 - Running NGCBUILD
INFO:EDK:3509 - NCF files should not be modified as they will be regenerated.
   If any constraint needs to be overridden, this should be done by modifying
   the data/system.ucf file.

Rebuilding cache ...

Total run time: 71.00 seconds
