Release 13.4 Xflow O.87xd (nt64)
Copyright (c) 1995-2011 Xilinx, Inc.  All rights reserved.
xflow.exe -wd implementation -p xc6slx45csg324-3 -implement xflow.opt system.ngc
 
PMSPEC -- Overriding Xilinx file
<C:/Xilinx/13.4/ISE_DS/EDK/spartan6/data/spartan6.acd> with local file
<C:/Xilinx/13.4/ISE_DS/ISE/spartan6/data/spartan6.acd>

Using Flow File:
C:/Users/superman/Documents/TylerBondGithub/ecen427/dmaHardware/implementation/f
pga.flw 
Using Option File(s): 
 C:/Users/superman/Documents/TylerBondGithub/ecen427/dmaHardware/implementation/
xflow.opt 

Creating Script File ... 

#----------------------------------------------#
# Starting program ngdbuild
# ngdbuild -p xc6slx45csg324-3 -nt timestamp -bm system.bmm
"C:/Users/superman/Documents/TylerBondGithub/ecen427/dmaHardware/implementation/
system.ngc" -uc system.ucf system.ngd 
#----------------------------------------------#
Release 13.4 - ngdbuild O.87xd (nt64)
Copyright (c) 1995-2011 Xilinx, Inc.  All rights reserved.
PMSPEC -- Overriding Xilinx file
<C:/Xilinx/13.4/ISE_DS/EDK/spartan6/data/spartan6.acd> with local file
<C:/Xilinx/13.4/ISE_DS/ISE/spartan6/data/spartan6.acd>

Command Line: C:\Xilinx\13.4\ISE_DS\ISE\bin\nt64\unwrapped\ngdbuild.exe -p
xc6slx45csg324-3 -nt timestamp -bm system.bmm
C:/Users/superman/Documents/TylerBondGithub/ecen427/dmaHardware/implementation/s
ystem.ngc -uc system.ucf system.ngd

Reading NGO file
"C:/Users/superman/Documents/TylerBondGithub/ecen427/dmaHardware/implementation/
system.ngc" ...
Loading design module
"C:/Users/superman/Documents/TylerBondGithub/ecen427/dmaHardware/implementation/
push_buttons_5bits_wrapper.ngc"...
Loading design module
"C:/Users/superman/Documents/TylerBondGithub/ecen427/dmaHardware/implementation/
dip_switches_8bits_wrapper.ngc"...
Loading design module
"C:/Users/superman/Documents/TylerBondGithub/ecen427/dmaHardware/implementation/
rs232_uart_1_wrapper.ngc"...
Loading design module
"C:/Users/superman/Documents/TylerBondGithub/ecen427/dmaHardware/implementation/
proc_sys_reset_0_wrapper.ngc"...
Loading design module
"C:/Users/superman/Documents/TylerBondGithub/ecen427/dmaHardware/implementation/
clock_generator_0_wrapper.ngc"...
Loading design module
"C:/Users/superman/Documents/TylerBondGithub/ecen427/dmaHardware/implementation/
microblaze_0_ilmb_wrapper.ngc"...
Loading design module
"C:/Users/superman/Documents/TylerBondGithub/ecen427/dmaHardware/implementation/
microblaze_0_dlmb_wrapper.ngc"...
Loading design module
"C:/Users/superman/Documents/TylerBondGithub/ecen427/dmaHardware/implementation/
mcb_ddr2_wrapper.ngc"...
Loading design module
"C:/Users/superman/Documents/TylerBondGithub/ecen427/dmaHardware/implementation/
axi4lite_0_wrapper.ngc"...
Loading design module
"C:/Users/superman/Documents/TylerBondGithub/ecen427/dmaHardware/implementation/
axi4_0_wrapper.ngc"...
Loading design module
"C:/Users/superman/Documents/TylerBondGithub/ecen427/dmaHardware/implementation/
microblaze_0_wrapper.ngc"...
Loading design module
"C:/Users/superman/Documents/TylerBondGithub/ecen427/dmaHardware/implementation/
microblaze_0_intc_wrapper.ngc"...
Loading design module
"C:/Users/superman/Documents/TylerBondGithub/ecen427/dmaHardware/implementation/
microblaze_0_i_bram_ctrl_wrapper.ngc"...
Loading design module
"C:/Users/superman/Documents/TylerBondGithub/ecen427/dmaHardware/implementation/
microblaze_0_d_bram_ctrl_wrapper.ngc"...
Loading design module
"C:/Users/superman/Documents/TylerBondGithub/ecen427/dmaHardware/implementation/
debug_module_wrapper.ngc"...
Loading design module
"C:/Users/superman/Documents/TylerBondGithub/ecen427/dmaHardware/implementation/
leds_8bits_wrapper.ngc"...
Loading design module
"C:/Users/superman/Documents/TylerBondGithub/ecen427/dmaHardware/implementation/
dma_controller_0_wrapper.ngc"...
Loading design module
"C:/Users/superman/Documents/TylerBondGithub/ecen427/dmaHardware/implementation/
microblaze_0_bram_block_wrapper.ngc"...
Applying constraints in
"C:/Users/superman/Documents/TylerBondGithub/ecen427/dmaHardware/implementation/
microblaze_0_ilmb_wrapper.ncf" to module "microblaze_0_ilmb"...
Checking Constraint Associations...
Applying constraints in
"C:/Users/superman/Documents/TylerBondGithub/ecen427/dmaHardware/implementation/
microblaze_0_dlmb_wrapper.ncf" to module "microblaze_0_dlmb"...
Checking Constraint Associations...
Applying constraints in
"C:/Users/superman/Documents/TylerBondGithub/ecen427/dmaHardware/implementation/
mcb_ddr2_wrapper.ncf" to module "MCB_DDR2"...
Checking Constraint Associations...
Applying constraints in
"C:/Users/superman/Documents/TylerBondGithub/ecen427/dmaHardware/implementation/
axi4lite_0_wrapper.ncf" to module "axi4lite_0"...
Checking Constraint Associations...
Applying constraints in
"C:/Users/superman/Documents/TylerBondGithub/ecen427/dmaHardware/implementation/
axi4_0_wrapper.ncf" to module "axi4_0"...
Checking Constraint Associations...
Applying constraints in
"C:/Users/superman/Documents/TylerBondGithub/ecen427/dmaHardware/implementation/
microblaze_0_wrapper.ncf" to module "microblaze_0"...
Checking Constraint Associations...
Gathering constraint information from source properties...
Done.

Annotating constraints to design from ucf file "system.ucf" ...
Resolving constraint associations...
Checking Constraint Associations...
WARNING:ConstraintSystem:135 - Constraint <INST
   /system/EXPANDED/system/axi4_0/axi4_0\/si_converter_bank\/gen_conv_slot[0].cl
   ock_conv_inst\/interconnect_aresetn_resync<2>_inv1_INV_0 TNM =
   FFS:axi4_0_reset_resync>: No instances of type FFS were found under block
   "axi4_0/axi4_0/si_converter_bank/gen_conv_slot[0].clock_conv_inst/interconnec
   t_aresetn_resync<2>_inv1_INV_0" (type=INV).

WARNING:ConstraintSystem:135 - Constraint <INST
   /system/EXPANDED/system/axi4lite_0/axi4lite_0\/si_converter_bank\/gen_conv_sl
   ot[0].clock_conv_inst\/interconnect_aresetn_resync<2>_inv1_INV_0 TNM =
   FFS:axi4lite_0_reset_resync>: No instances of type FFS were found under block
   "axi4lite_0/axi4lite_0/si_converter_bank/gen_conv_slot[0].clock_conv_inst/int
   erconnect_aresetn_resync<2>_inv1_INV_0" (type=INV).

WARNING:ConstraintSystem:58 - Constraint <TIMEGRP axi4lite_0_reset_source = FFS
   PADS CPUS;>: CPUS "*" does not match any design objects.

WARNING:ConstraintSystem:58 - Constraint <TIMEGRP axi4_0_reset_source = FFS PADS
   CPUS;>: CPUS "*" does not match any design objects.

WARNING:ConstraintSystem:194 - The TNM 'axi4_0_reset_resync', does not directly
   or indirectly drive any flip-flops, latches and/or RAMs and is not actively
   used by any referencing constraint.

WARNING:ConstraintSystem:194 - The TNM 'axi4lite_0_reset_resync', does not
   directly or indirectly drive any flip-flops, latches and/or RAMs and is not
   actively used by any referencing constraint.

INFO:ConstraintSystem:178 - TNM 'sys_clk_pin', used in period specification
   'TS_sys_clk_pin', was traced into PLL_ADV instance
   clock_generator_0/PLL0_INST/Using_PLL_ADV.PLL_ADV_inst. The following new TNM
   groups and period specifications were generated at the PLL_ADV output(s): 
   CLKOUT1: <TIMESPEC TS_clk_600_0000MHz180PLL0_nobuf = PERIOD
   "clk_600_0000MHz180PLL0_nobuf" TS_sys_clk_pin * 6 PHASE 0.833333333 ns HIGH
   50%>

INFO:ConstraintSystem:178 - TNM 'sys_clk_pin', used in period specification
   'TS_sys_clk_pin', was traced into PLL_ADV instance
   clock_generator_0/PLL0_INST/Using_PLL_ADV.PLL_ADV_inst. The following new TNM
   groups and period specifications were generated at the PLL_ADV output(s): 
   CLKOUT0: <TIMESPEC TS_clk_600_0000MHzPLL0_nobuf = PERIOD
   "clk_600_0000MHzPLL0_nobuf" TS_sys_clk_pin * 6 HIGH 50%>

INFO:ConstraintSystem:178 - TNM 'sys_clk_pin', used in period specification
   'TS_sys_clk_pin', was traced into PLL_ADV instance
   clock_generator_0/PLL0_INST/Using_PLL_ADV.PLL_ADV_inst. The following new TNM
   groups and period specifications were generated at the PLL_ADV output(s): 
   CLKOUT2: <TIMESPEC TS_clock_generator_0_clock_generator_0_SIG_PLL0_CLKOUT2 =
   PERIOD "clock_generator_0_clock_generator_0_SIG_PLL0_CLKOUT2" TS_sys_clk_pin
   HIGH 50%>

WARNING:NgdBuild:1012 - The constraint <NET "zio" IOSTANDARD = "SSTL18_II"> is
   overridden on the design object zio by the constraint <NET zio IOSTANDARD =
   "LVCMOS18_JEDEC";> [system.ucf(30)].
WARNING:NgdBuild:1012 - The constraint <NET "rzq" IOSTANDARD = "SSTL18_II"> is
   overridden on the design object rzq by the constraint <NET rzq IOSTANDARD =
   "LVCMOS18_JEDEC";> [system.ucf(29)].
Done...

Processing BMM file "system.bmm" ...

Checking expanded design ...
WARNING:NgdBuild:443 - SFF primitive
   'microblaze_0/microblaze_0/MicroBlaze_Core_I/Performance.Decode_I/Using_FPGA.
   Gen_Bits[27].MEM_EX_Result_Inst' has unconnected output pin
WARNING:NgdBuild:452 - logical net 'N24' has no driver
WARNING:NgdBuild:452 - logical net 'N25' has no driver
WARNING:NgdBuild:452 - logical net 'N26' has no driver
WARNING:NgdBuild:452 - logical net 'N27' has no driver
WARNING:NgdBuild:452 - logical net 'N28' has no driver
WARNING:NgdBuild:452 - logical net 'N29' has no driver
WARNING:NgdBuild:452 - logical net 'N30' has no driver
WARNING:NgdBuild:452 - logical net 'N31' has no driver
WARNING:NgdBuild:452 - logical net 'N32' has no driver
WARNING:NgdBuild:452 - logical net 'N33' has no driver
WARNING:NgdBuild:452 - logical net 'N34' has no driver
WARNING:NgdBuild:452 - logical net 'N35' has no driver
WARNING:NgdBuild:452 - logical net 'N36' has no driver
WARNING:NgdBuild:452 - logical net 'N37' has no driver
WARNING:NgdBuild:452 - logical net 'N38' has no driver
WARNING:NgdBuild:452 - logical net 'N39' has no driver
WARNING:NgdBuild:452 - logical net 'N40' has no driver
WARNING:NgdBuild:452 - logical net 'N41' has no driver
WARNING:NgdBuild:452 - logical net 'N42' has no driver
WARNING:NgdBuild:452 - logical net 'N43' has no driver
WARNING:NgdBuild:452 - logical net 'N44' has no driver
WARNING:NgdBuild:452 - logical net 'N45' has no driver
WARNING:NgdBuild:478 - clock net debug_module/bscan_drck1 with clock driver
   debug_module/debug_module/BUFG_DRCK1 drives no clock pins

Partition Implementation Status
-------------------------------

  No Partitions were found in this design.

-------------------------------

NGDBUILD Design Results Summary:
  Number of errors:     0
  Number of warnings:  32

Writing NGD file "system.ngd" ...
Total REAL time to NGDBUILD completion:  37 sec
Total CPU time to NGDBUILD completion:   37 sec

Writing NGDBUILD log file "system.bld"...

NGDBUILD done.



#----------------------------------------------#
# Starting program map
# map -o system_map.ncd -w -pr b -ol high -timing -detail system.ngd system.pcf 
#----------------------------------------------#
Release 13.4 - Map O.87xd (nt64)
Copyright (c) 1995-2011 Xilinx, Inc.  All rights reserved.
PMSPEC -- Overriding Xilinx file
<C:/Xilinx/13.4/ISE_DS/EDK/data/Xdh_PrimTypeLib.xda> with local file
<C:/Xilinx/13.4/ISE_DS/ISE/data/Xdh_PrimTypeLib.xda>
Using target part "6slx45csg324-3".
Mapping design into LUTs...
Writing file system_map.ngm...
Running directed packing...
Running delay-based LUT packing...
Updating timing models...
WARNING:Timing:3223 - Timing constraint PATH "TS_TIG_MCB_DDR2_CALIB_DONE_SYNCH_path" TIG ignored during timing analysis.
INFO:Map:215 - The Interim Design Summary has been generated in the MAP Report
   (.mrp).
Running timing-driven placement...
Total REAL time at the beginning of Placer: 13 secs 
Total CPU  time at the beginning of Placer: 13 secs 

Phase 1.1  Initial Placement Analysis
Phase 1.1  Initial Placement Analysis (Checksum:db7d78a5) REAL time: 14 secs 

Phase 2.7  Design Feasibility Check
WARNING:Place:838 - An IO Bus with more than one IO standard is found.
   Components associated with this bus are as follows: 
   	 Comp: DIP_Switches_8Bits_TRI_I<0>   IOSTANDARD = LVCMOS33
   	 Comp: DIP_Switches_8Bits_TRI_I<1>   IOSTANDARD = LVCMOS33
   	 Comp: DIP_Switches_8Bits_TRI_I<2>   IOSTANDARD = LVCMOS33
   	 Comp: DIP_Switches_8Bits_TRI_I<3>   IOSTANDARD = LVCMOS33
   	 Comp: DIP_Switches_8Bits_TRI_I<4>   IOSTANDARD = LVCMOS33
   	 Comp: DIP_Switches_8Bits_TRI_I<5>   IOSTANDARD = LVCMOS33
   	 Comp: DIP_Switches_8Bits_TRI_I<6>   IOSTANDARD = LVCMOS33
   	 Comp: DIP_Switches_8Bits_TRI_I<7>   IOSTANDARD = LVCMOS18


Phase 2.7  Design Feasibility Check (Checksum:db7d78a5) REAL time: 15 secs 

Phase 3.31  Local Placement Optimization
Phase 3.31  Local Placement Optimization (Checksum:c6801c55) REAL time: 15 secs 

Phase 4.2  Initial Placement for Architecture Specific Features

Phase 4.2  Initial Placement for Architecture Specific Features
(Checksum:f94e0fb6) REAL time: 33 secs 

Phase 5.36  Local Placement Optimization
Phase 5.36  Local Placement Optimization (Checksum:f94e0fb6) REAL time: 33 secs 

Phase 6.30  Global Clock Region Assignment
Phase 6.30  Global Clock Region Assignment (Checksum:f94e0fb6) REAL time: 33 secs 

Phase 7.3  Local Placement Optimization
Phase 7.3  Local Placement Optimization (Checksum:f94e0fb6) REAL time: 33 secs 

Phase 8.5  Local Placement Optimization
Phase 8.5  Local Placement Optimization (Checksum:f94e0fb6) REAL time: 33 secs 

Phase 9.8  Global Placement
........................
...........................................................................................................................
..................................................................................
................................
Phase 9.8  Global Placement (Checksum:fabcb2dd) REAL time: 57 secs 

Phase 10.5  Local Placement Optimization
Phase 10.5  Local Placement Optimization (Checksum:fabcb2dd) REAL time: 57 secs 

Phase 11.18  Placement Optimization
Phase 11.18  Placement Optimization (Checksum:90464295) REAL time: 1 mins 6 secs 

Phase 12.5  Local Placement Optimization
Phase 12.5  Local Placement Optimization (Checksum:90464295) REAL time: 1 mins 6 secs 

Phase 13.34  Placement Validation
Phase 13.34  Placement Validation (Checksum:2ec29539) REAL time: 1 mins 6 secs 

Total REAL time to Placer completion: 1 mins 11 secs 
Total CPU  time to Placer completion: 1 mins 10 secs 
Running post-placement packing...
Writing output files...

Design Summary:
Number of errors:      0
Number of warnings:   25
Slice Logic Utilization:
  Number of Slice Registers:                 3,445 out of  54,576    6%
    Number used as Flip Flops:               3,437
    Number used as Latches:                      0
    Number used as Latch-thrus:                  0
    Number used as AND/OR logics:                8
  Number of Slice LUTs:                      4,078 out of  27,288   14%
    Number used as logic:                    3,641 out of  27,288   13%
      Number using O6 output only:           2,913
      Number using O5 output only:              76
      Number using O5 and O6:                  652
      Number used as ROM:                        0
    Number used as Memory:                     240 out of   6,408    3%
      Number used as Dual Port RAM:             88
        Number using O6 output only:             4
        Number using O5 output only:             0
        Number using O5 and O6:                 84
      Number used as Single Port RAM:            0
      Number used as Shift Register:           152
        Number using O6 output only:            41
        Number using O5 output only:             1
        Number using O5 and O6:                110
    Number used exclusively as route-thrus:    197
      Number with same-slice register load:    189
      Number with same-slice carry load:         8
      Number with other load:                    0

Slice Logic Distribution:
  Number of occupied Slices:                 1,380 out of   6,822   20%
  Nummber of MUXCYs used:                      356 out of  13,644    2%
  Number of LUT Flip Flop pairs used:        4,510
    Number with an unused Flip Flop:         1,472 out of   4,510   32%
    Number with an unused LUT:                 432 out of   4,510    9%
    Number of fully used LUT-FF pairs:       2,606 out of   4,510   57%
    Number of unique control sets:             257
    Number of slice register sites lost
      to control set restrictions:             985 out of  54,576    1%

  A LUT Flip Flop pair for this architecture represents one LUT paired with
  one Flip Flop within a slice.  A control set is a unique combination of
  clock, reset, set, and enable signals for a registered element.
  The Slice Logic Distribution report is not meaningful if the design is
  over-mapped for a non-slice resource or if Placement fails.

IO Utilization:
  Number of bonded IOBs:                        72 out of     218   33%
    Number of LOCed IOBs:                       72 out of      72  100%
    IOB Flip Flops:                              4

Specific Feature Utilization:
  Number of RAMB16BWERs:                        14 out of     116   12%
  Number of RAMB8BWERs:                          0 out of     232    0%
  Number of BUFIO2/BUFIO2_2CLKs:                 1 out of      32    3%
    Number used as BUFIO2s:                      1
    Number used as BUFIO2_2CLKs:                 0
  Number of BUFIO2FB/BUFIO2FB_2CLKs:             0 out of      32    0%
  Number of BUFG/BUFGMUXs:                       2 out of      16   12%
    Number used as BUFGs:                        2
    Number used as BUFGMUX:                      0
  Number of DCM/DCM_CLKGENs:                     0 out of       8    0%
  Number of ILOGIC2/ISERDES2s:                   3 out of     376    1%
    Number used as ILOGIC2s:                     3
    Number used as ISERDES2s:                    0
  Number of IODELAY2/IODRP2/IODRP2_MCBs:        24 out of     376    6%
    Number used as IODELAY2s:                    0
    Number used as IODRP2s:                      2
    Number used as IODRP2_MCBs:                 22
  Number of OLOGIC2/OSERDES2s:                  46 out of     376   12%
    Number used as OLOGIC2s:                     1
    Number used as OSERDES2s:                   45
  Number of BSCANs:                              1 out of       4   25%
  Number of BUFHs:                               0 out of     256    0%
  Number of BUFPLLs:                             0 out of       8    0%
  Number of BUFPLL_MCBs:                         1 out of       4   25%
  Number of DSP48A1s:                            3 out of      58    5%
  Number of ICAPs:                               0 out of       1    0%
  Number of MCBs:                                1 out of       2   50%
  Number of PCILOGICSEs:                         0 out of       2    0%
  Number of PLL_ADVs:                            1 out of       4   25%
  Number of PMVs:                                0 out of       1    0%
  Number of STARTUPs:                            0 out of       1    0%
  Number of SUSPEND_SYNCs:                       0 out of       1    0%

Average Fanout of Non-Clock Nets:                3.92

Peak Memory Usage:  621 MB
Total REAL time to MAP completion:  1 mins 14 secs 
Total CPU time to MAP completion:   1 mins 14 secs 

Mapping completed.
See MAP report file "system_map.mrp" for details.



#----------------------------------------------#
# Starting program par
# par -w -ol high system_map.ncd system.ncd system.pcf 
#----------------------------------------------#
Release 13.4 - par O.87xd (nt64)
Copyright (c) 1995-2011 Xilinx, Inc.  All rights reserved.
PMSPEC -- Overriding Xilinx file <C:/Xilinx/13.4/ISE_DS/EDK/data/parBmgr.acd> with local file
<C:/Xilinx/13.4/ISE_DS/ISE/data/parBmgr.acd>



Constraints file: system.pcf.
Loading device for application Rf_Device from file '6slx45.nph' in environment
C:\Xilinx\13.4\ISE_DS\ISE\;C:\Xilinx\13.4\ISE_DS\EDK.
   "system" is an NCD, version 3.2, device xc6slx45, package csg324, speed -3

Initializing temperature to 85.000 Celsius. (default - Range: 0.000 to 85.000 Celsius)
Initializing voltage to 1.140 Volts. (default - Range: 1.140 to 1.260 Volts)


Device speed data version:  "PRODUCTION 1.21 2012-01-07".



Device Utilization Summary:

Slice Logic Utilization:
  Number of Slice Registers:                 3,445 out of  54,576    6%
    Number used as Flip Flops:               3,437
    Number used as Latches:                      0
    Number used as Latch-thrus:                  0
    Number used as AND/OR logics:                8
  Number of Slice LUTs:                      4,078 out of  27,288   14%
    Number used as logic:                    3,641 out of  27,288   13%
      Number using O6 output only:           2,913
      Number using O5 output only:              76
      Number using O5 and O6:                  652
      Number used as ROM:                        0
    Number used as Memory:                     240 out of   6,408    3%
      Number used as Dual Port RAM:             88
        Number using O6 output only:             4
        Number using O5 output only:             0
        Number using O5 and O6:                 84
      Number used as Single Port RAM:            0
      Number used as Shift Register:           152
        Number using O6 output only:            41
        Number using O5 output only:             1
        Number using O5 and O6:                110
    Number used exclusively as route-thrus:    197
      Number with same-slice register load:    189
      Number with same-slice carry load:         8
      Number with other load:                    0

Slice Logic Distribution:
  Number of occupied Slices:                 1,380 out of   6,822   20%
  Nummber of MUXCYs used:                      356 out of  13,644    2%
  Number of LUT Flip Flop pairs used:        4,510
    Number with an unused Flip Flop:         1,472 out of   4,510   32%
    Number with an unused LUT:                 432 out of   4,510    9%
    Number of fully used LUT-FF pairs:       2,606 out of   4,510   57%
    Number of slice register sites lost
      to control set restrictions:               0 out of  54,576    0%

  A LUT Flip Flop pair for this architecture represents one LUT paired with
  one Flip Flop within a slice.  A control set is a unique combination of
  clock, reset, set, and enable signals for a registered element.
  The Slice Logic Distribution report is not meaningful if the design is
  over-mapped for a non-slice resource or if Placement fails.

IO Utilization:
  Number of bonded IOBs:                        72 out of     218   33%
    Number of LOCed IOBs:                       72 out of      72  100%
    IOB Flip Flops:                              4

Specific Feature Utilization:
  Number of RAMB16BWERs:                        14 out of     116   12%
  Number of RAMB8BWERs:                          0 out of     232    0%
  Number of BUFIO2/BUFIO2_2CLKs:                 1 out of      32    3%
    Number used as BUFIO2s:                      1
    Number used as BUFIO2_2CLKs:                 0
  Number of BUFIO2FB/BUFIO2FB_2CLKs:             0 out of      32    0%
  Number of BUFG/BUFGMUXs:                       2 out of      16   12%
    Number used as BUFGs:                        2
    Number used as BUFGMUX:                      0
  Number of DCM/DCM_CLKGENs:                     0 out of       8    0%
  Number of ILOGIC2/ISERDES2s:                   3 out of     376    1%
    Number used as ILOGIC2s:                     3
    Number used as ISERDES2s:                    0
  Number of IODELAY2/IODRP2/IODRP2_MCBs:        24 out of     376    6%
    Number used as IODELAY2s:                    0
    Number used as IODRP2s:                      2
    Number used as IODRP2_MCBs:                 22
  Number of OLOGIC2/OSERDES2s:                  46 out of     376   12%
    Number used as OLOGIC2s:                     1
    Number used as OSERDES2s:                   45
  Number of BSCANs:                              1 out of       4   25%
  Number of BUFHs:                               0 out of     256    0%
  Number of BUFPLLs:                             0 out of       8    0%
  Number of BUFPLL_MCBs:                         1 out of       4   25%
  Number of DSP48A1s:                            3 out of      58    5%
  Number of ICAPs:                               0 out of       1    0%
  Number of MCBs:                                1 out of       2   50%
  Number of PCILOGICSEs:                         0 out of       2    0%
  Number of PLL_ADVs:                            1 out of       4   25%
  Number of PMVs:                                0 out of       1    0%
  Number of STARTUPs:                            0 out of       1    0%
  Number of SUSPEND_SYNCs:                       0 out of       1    0%


Overall effort level (-ol):   High 
Router effort level (-rl):    High 

WARNING:Timing:3223 - Timing constraint PATH "TS_TIG_MCB_DDR2_CALIB_DONE_SYNCH_path" TIG; ignored during timing analysis.
INFO:Timing:3386 - Intersecting Constraints found and resolved.  For more information, see the TSI report.  Please consult the Xilinx
   Command Line Tools User Guide for information on generating a TSI report.
Starting initial Timing Analysis.  REAL time: 8 secs 
Finished initial Timing Analysis.  REAL time: 8 secs 

WARNING:Par:288 - The signal
   microblaze_0/microblaze_0/MicroBlaze_Core_I/Performance.Data_Flow_I/Register_File_I/Using_LUT6.All_RAM32M[5].ram32m_i_RAMD_D1_O has no
   load.  PAR will not attempt to route this signal.
WARNING:Par:288 - The signal
   microblaze_0/microblaze_0/MicroBlaze_Core_I/Performance.Data_Flow_I/Register_File_I/Using_LUT6.All_RAM32M[8].ram32m_i_RAMD_D1_O has no
   load.  PAR will not attempt to route this signal.
WARNING:Par:288 - The signal
   microblaze_0/microblaze_0/MicroBlaze_Core_I/Performance.Data_Flow_I/Register_File_I/Using_LUT6.All_RAM32M[10].ram32m_i_RAMD_D1_O has no
   load.  PAR will not attempt to route this signal.
WARNING:Par:288 - The signal
   microblaze_0/microblaze_0/MicroBlaze_Core_I/Performance.Data_Flow_I/Register_File_I/Using_LUT6.All_RAM32M[13].ram32m_i_RAMD_D1_O has no
   load.  PAR will not attempt to route this signal.
WARNING:Par:288 - The signal
   microblaze_0/microblaze_0/MicroBlaze_Core_I/Performance.Data_Flow_I/Register_File_I/Using_LUT6.All_RAM32M[4].ram32m_i_RAMD_D1_O has no
   load.  PAR will not attempt to route this signal.
WARNING:Par:288 - The signal
   microblaze_0/microblaze_0/MicroBlaze_Core_I/Performance.Data_Flow_I/Register_File_I/Using_LUT6.All_RAM32M[3].ram32m_i_RAMD_D1_O has no
   load.  PAR will not attempt to route this signal.
WARNING:Par:288 - The signal microblaze_0_d_bram_ctrl_2_microblaze_0_bram_block_BRAM_Addr<31> has no load.  PAR will not attempt to route
   this signal.
WARNING:Par:288 - The signal
   microblaze_0/microblaze_0/MicroBlaze_Core_I/Performance.Using_DCache.Using_WriteThrough.DCache_I1/Mram_cacheline_copy5_RAMD_D1_O has no
   load.  PAR will not attempt to route this signal.
WARNING:Par:288 - The signal microblaze_0_d_bram_ctrl_2_microblaze_0_bram_block_BRAM_Addr<30> has no load.  PAR will not attempt to route
   this signal.
WARNING:Par:288 - The signal
   microblaze_0/microblaze_0/MicroBlaze_Core_I/Performance.Using_DCache.Using_WriteThrough.DCache_I1/Mram_cacheline_copy4_RAMD_D1_O has no
   load.  PAR will not attempt to route this signal.
WARNING:Par:288 - The signal
   microblaze_0/microblaze_0/MicroBlaze_Core_I/Performance.Using_DCache.Using_WriteThrough.DCache_I1/Mram_cacheline_copy2_RAMD_D1_O has no
   load.  PAR will not attempt to route this signal.
WARNING:Par:288 - The signal
   microblaze_0/microblaze_0/MicroBlaze_Core_I/Performance.Using_DCache.Using_WriteThrough.DCache_I1/Mram_cacheline_copy3_RAMD_D1_O has no
   load.  PAR will not attempt to route this signal.
WARNING:Par:288 - The signal
   microblaze_0/microblaze_0/MicroBlaze_Core_I/Performance.Using_DCache.Using_WriteThrough.DCache_I1/Mram_cacheline_copy1_RAMD_D1_O has no
   load.  PAR will not attempt to route this signal.
WARNING:Par:288 - The signal
   microblaze_0/microblaze_0/MicroBlaze_Core_I/Performance.Data_Flow_I/Register_File_I/Using_LUT6.All_RAM32M[12].ram32m_i_RAMD_D1_O has no
   load.  PAR will not attempt to route this signal.
WARNING:Par:288 - The signal
   microblaze_0/microblaze_0/MicroBlaze_Core_I/Performance.Data_Flow_I/Register_File_I/Using_LUT6.All_RAM32M[7].ram32m_i_RAMD_D1_O has no
   load.  PAR will not attempt to route this signal.
WARNING:Par:288 - The signal
   microblaze_0/microblaze_0/MicroBlaze_Core_I/Performance.Data_Flow_I/Register_File_I/Using_LUT6.All_RAM32M[2].ram32m_i_RAMD_D1_O has no
   load.  PAR will not attempt to route this signal.
WARNING:Par:288 - The signal
   microblaze_0/microblaze_0/MicroBlaze_Core_I/Performance.Data_Flow_I/Register_File_I/Using_LUT6.All_RAM32M[11].ram32m_i_RAMD_D1_O has no
   load.  PAR will not attempt to route this signal.
WARNING:Par:288 - The signal
   microblaze_0/microblaze_0/MicroBlaze_Core_I/Performance.Data_Flow_I/Register_File_I/Using_LUT6.All_RAM32M[9].ram32m_i_RAMD_D1_O has no
   load.  PAR will not attempt to route this signal.
WARNING:Par:288 - The signal
   microblaze_0/microblaze_0/MicroBlaze_Core_I/Performance.Data_Flow_I/Register_File_I/Using_LUT6.All_RAM32M[1].ram32m_i_RAMD_D1_O has no
   load.  PAR will not attempt to route this signal.
WARNING:Par:288 - The signal
   microblaze_0/microblaze_0/MicroBlaze_Core_I/Performance.Data_Flow_I/Register_File_I/Using_LUT6.All_RAM32M[15].ram32m_i_RAMD_D1_O has no
   load.  PAR will not attempt to route this signal.
WARNING:Par:288 - The signal
   microblaze_0/microblaze_0/MicroBlaze_Core_I/Performance.Data_Flow_I/Register_File_I/Using_LUT6.All_RAM32M[6].ram32m_i_RAMD_D1_O has no
   load.  PAR will not attempt to route this signal.
WARNING:Par:288 - The signal
   microblaze_0/microblaze_0/MicroBlaze_Core_I/Performance.Data_Flow_I/Register_File_I/Using_LUT6.All_RAM32M[14].ram32m_i_RAMD_D1_O has no
   load.  PAR will not attempt to route this signal.
WARNING:Par:288 - The signal
   microblaze_0/microblaze_0/MicroBlaze_Core_I/Performance.Data_Flow_I/Register_File_I/Using_LUT6.All_RAM32M[0].ram32m_i_RAMD_D1_O has no
   load.  PAR will not attempt to route this signal.
Starting Router


Phase  1  : 27690 unrouted;      REAL time: 10 secs 

Phase  2  : 23493 unrouted;      REAL time: 11 secs 

Phase  3  : 11295 unrouted;      REAL time: 18 secs 

Phase  4  : 11295 unrouted; (Setup:0, Hold:0, Component Switching Limit:0)     REAL time: 19 secs 

Updating file: system.ncd with current fully routed design.

Phase  5  : 0 unrouted; (Setup:0, Hold:0, Component Switching Limit:0)     REAL time: 35 secs 

Phase  6  : 0 unrouted; (Setup:0, Hold:0, Component Switching Limit:0)     REAL time: 35 secs 

Phase  7  : 0 unrouted; (Setup:0, Hold:0, Component Switching Limit:0)     REAL time: 35 secs 

Phase  8  : 0 unrouted; (Setup:0, Hold:0, Component Switching Limit:0)     REAL time: 35 secs 

Phase  9  : 0 unrouted; (Setup:0, Hold:0, Component Switching Limit:0)     REAL time: 35 secs 

Phase 10  : 0 unrouted; (Setup:0, Hold:0, Component Switching Limit:0)     REAL time: 36 secs 
Total REAL time to Router completion: 36 secs 
Total CPU time to Router completion: 35 secs 

Partition Implementation Status
-------------------------------

  No Partitions were found in this design.

-------------------------------

Generating "PAR" statistics.

**************************
Generating Clock Report
**************************

+---------------------+--------------+------+------+------------+-------------+
|        Clock Net    |   Resource   |Locked|Fanout|Net Skew(ns)|Max Delay(ns)|
+---------------------+--------------+------+------+------------+-------------+
| clk_100_0000MHzPLL0 |  BUFGMUX_X2Y3| No   | 1297 |  0.566     |  1.778      |
+---------------------+--------------+------+------+------------+-------------+
|microblaze_0_debug_D |              |      |      |            |             |
|              bg_Clk | BUFGMUX_X3Y13| No   |   50 |  0.040     |  1.252      |
+---------------------+--------------+------+------+------------+-------------+
|microblaze_0_debug_D |              |      |      |            |             |
|           bg_Update |         Local|      |   20 |  5.048     |  7.372      |
+---------------------+--------------+------+------+------------+-------------+
|MCB_DDR2/sysclk_2x_b |              |      |      |            |             |
|             ufpll_o |         Local|      |   34 |  0.571     |  1.543      |
+---------------------+--------------+------+------+------------+-------------+
|MCB_DDR2/sysclk_2x_1 |              |      |      |            |             |
|         80_bufpll_o |         Local|      |   37 |  0.590     |  1.562      |
+---------------------+--------------+------+------+------------+-------------+
|MCB_DDR2/MCB_DDR2/mc |              |      |      |            |             |
|b_ui_top_0/mcb_raw_w |              |      |      |            |             |
|rapper_inst/ioi_drp_ |              |      |      |            |             |
|                 clk |         Local|      |   22 |  0.000     |  0.002      |
+---------------------+--------------+------+------+------------+-------------+
|MCB_DDR2/MCB_DDR2/mc |              |      |      |            |             |
|b_ui_top_0/mcb_raw_w |              |      |      |            |             |
|rapper_inst/idelay_d |              |      |      |            |             |
|            qs_ioi_s |         Local|      |    1 |  0.000     |  0.002      |
+---------------------+--------------+------+------+------------+-------------+
|MCB_DDR2/MCB_DDR2/mc |              |      |      |            |             |
|b_ui_top_0/mcb_raw_w |              |      |      |            |             |
|rapper_inst/idelay_d |              |      |      |            |             |
|            qs_ioi_m |         Local|      |    1 |  0.000     |  0.002      |
+---------------------+--------------+------+------+------------+-------------+
|MCB_DDR2/MCB_DDR2/mc |              |      |      |            |             |
|b_ui_top_0/mcb_raw_w |              |      |      |            |             |
|rapper_inst/idelay_u |              |      |      |            |             |
|           dqs_ioi_s |         Local|      |    1 |  0.000     |  0.002      |
+---------------------+--------------+------+------+------------+-------------+
|MCB_DDR2/MCB_DDR2/mc |              |      |      |            |             |
|b_ui_top_0/mcb_raw_w |              |      |      |            |             |
|rapper_inst/idelay_u |              |      |      |            |             |
|           dqs_ioi_m |         Local|      |    1 |  0.000     |  0.002      |
+---------------------+--------------+------+------+------------+-------------+

* Net Skew is the difference between the minimum and maximum routing
only delays for the net. Note this is different from Clock Skew which
is reported in TRCE timing report. Clock Skew is the difference between
the minimum and maximum path delays which includes logic delays.

* The fanout is the number of component pins not the individual BEL loads,
for example SLICE loads not FF loads.

Timing Score: 0 (Setup: 0, Hold: 0, Component Switching Limit: 0)

Number of Timing Constraints that were not applied: 4

Asterisk (*) preceding a constraint indicates it was not met.
   This may be due to a setup or hold violation.

----------------------------------------------------------------------------------------------------------
  Constraint                                |    Check    | Worst Case |  Best Case | Timing |   Timing   
                                            |             |    Slack   | Achievable | Errors |    Score   
----------------------------------------------------------------------------------------------------------
  TS_clock_generator_0_clock_generator_0_SI | SETUP       |     0.056ns|     9.944ns|       0|           0
  G_PLL0_CLKOUT2 = PERIOD TIMEGRP         " | HOLD        |     0.257ns|            |       0|           0
  clock_generator_0_clock_generator_0_SIG_P |             |            |            |        |            
  LL0_CLKOUT2" TS_sys_clk_pin         HIGH  |             |            |            |        |            
  50%                                       |             |            |            |        |            
----------------------------------------------------------------------------------------------------------
  TS_clk_600_0000MHz180PLL0_nobuf = PERIOD  | MINPERIOD   |     0.167ns|     1.499ns|       0|           0
  TIMEGRP         "clk_600_0000MHz180PLL0_n |             |            |            |        |            
  obuf" TS_sys_clk_pin * 6 PHASE 0.83333333 |             |            |            |        |            
  3 ns         HIGH 50%                     |             |            |            |        |            
----------------------------------------------------------------------------------------------------------
  TS_clk_600_0000MHzPLL0_nobuf = PERIOD TIM | MINPERIOD   |     0.167ns|     1.499ns|       0|           0
  EGRP "clk_600_0000MHzPLL0_nobuf"          |             |            |            |        |            
  TS_sys_clk_pin * 6 HIGH 50%               |             |            |            |        |            
----------------------------------------------------------------------------------------------------------
  TS_sys_clk_pin = PERIOD TIMEGRP "sys_clk_ | MINLOWPULSE |     6.666ns|     3.334ns|       0|           0
  pin" 100 MHz HIGH 50%                     |             |            |            |        |            
----------------------------------------------------------------------------------------------------------
  PATH "TS_TIG_microblaze_0_Reset_path" TIG | SETUP       |         N/A|     2.720ns|     N/A|           0
----------------------------------------------------------------------------------------------------------
  PATH "TS_TIG_microblaze_0_Interrupt_path" | SETUP       |         N/A|     1.734ns|     N/A|           0
   TIG                                      |             |            |            |        |            
----------------------------------------------------------------------------------------------------------
  PATH "TS_axi4_0_reset_resync_path" TIG    | MAXDELAY    |         N/A|     4.968ns|     N/A|           0
----------------------------------------------------------------------------------------------------------
  PATH "TS_axi4lite_0_reset_resync_path" TI | MAXDELAY    |         N/A|     4.969ns|     N/A|           0
  G                                         |             |            |            |        |            
----------------------------------------------------------------------------------------------------------
  PATH "TS_TIG_MCB_DDR2_CALIB_DONE_SYNCH_pa | N/A         |         N/A|         N/A|     N/A|         N/A
  th" TIG                                   |             |            |            |        |            
----------------------------------------------------------------------------------------------------------
  PATH "TS_TIG_MCB_DDR2_SYS_RST_SYNCH_path" | SETUP       |         N/A|     2.611ns|     N/A|           0
   TIG                                      |             |            |            |        |            
----------------------------------------------------------------------------------------------------------
  PATH "TS_TIG_microblaze_0_dlmb_POR_FF_I_p | SETUP       |         N/A|     3.266ns|     N/A|           0
  ath" TIG                                  |             |            |            |        |            
----------------------------------------------------------------------------------------------------------
  PATH "TS_TIG_microblaze_0_ilmb_POR_FF_I_p | SETUP       |         N/A|     2.973ns|     N/A|           0
  ath" TIG                                  |             |            |            |        |            
----------------------------------------------------------------------------------------------------------


Derived Constraint Report
Review Timing Report for more details on the following derived constraints.
To create a Timing Report, run "trce -v 12 -fastpaths -o design_timing_report design.ncd design.pcf"
or "Run Timing Analysis" from Timing Analyzer (timingan).
Derived Constraints for TS_sys_clk_pin
+-------------------------------+-------------+-------------+-------------+-------------+-------------+-------------+-------------+
|                               |   Period    |       Actual Period       |      Timing Errors        |      Paths Analyzed       |
|           Constraint          | Requirement |-------------+-------------|-------------+-------------|-------------+-------------|
|                               |             |   Direct    | Derivative  |   Direct    | Derivative  |   Direct    | Derivative  |
+-------------------------------+-------------+-------------+-------------+-------------+-------------+-------------+-------------+
|TS_sys_clk_pin                 |     10.000ns|      3.334ns|      9.944ns|            0|            0|            0|       480519|
| TS_clk_600_0000MHz180PLL0_nobu|      1.667ns|      1.499ns|          N/A|            0|            0|            0|            0|
| f                             |             |             |             |             |             |             |             |
| TS_clk_600_0000MHzPLL0_nobuf  |      1.667ns|      1.499ns|          N/A|            0|            0|            0|            0|
| TS_clock_generator_0_clock_gen|     10.000ns|      9.944ns|          N/A|            0|            0|       480519|            0|
| erator_0_SIG_PLL0_CLKOUT2     |             |             |             |             |             |             |             |
+-------------------------------+-------------+-------------+-------------+-------------+-------------+-------------+-------------+

All constraints were met.
INFO:Timing:2761 - N/A entries in the Constraints List may indicate that the 
   constraint is not analyzed due to the following: No paths covered by this 
   constraint; Other constraints intersect with this constraint; or This 
   constraint was disabled by a Path Tracing Control. Please run the Timespec 
   Interaction Report (TSI) via command line (trce tsi) or Timing Analyzer GUI.


Generating Pad Report.

All signals are completely routed.

WARNING:Par:283 - There are 23 loadless signals in this design. This design will cause Bitgen to issue DRC warnings.

Total REAL time to PAR completion: 39 secs 
Total CPU time to PAR completion: 36 secs 

Peak Memory Usage:  529 MB

Placer: Placement generated during map.
Routing: Completed - No errors found.
Timing: Completed - No errors found.

Number of error messages: 0
Number of warning messages: 26
Number of info messages: 1

Writing design to file system.ncd



PAR done!



#----------------------------------------------#
# Starting program post_par_trce
# trce -e 3 -xml system.twx system.ncd system.pcf 
#----------------------------------------------#
Release 13.4 - Trace  (nt64)
Copyright (c) 1995-2011 Xilinx, Inc.  All rights reserved.


PMSPEC -- Overriding Xilinx file
<C:/Xilinx/13.4/ISE_DS/EDK/spartan6/data/spartan6.acd> with local file
<C:/Xilinx/13.4/ISE_DS/ISE/spartan6/data/spartan6.acd>
Loading device for application Rf_Device from file '6slx45.nph' in environment
C:\Xilinx\13.4\ISE_DS\ISE\;C:\Xilinx\13.4\ISE_DS\EDK.
   "system" is an NCD, version 3.2, device xc6slx45, package csg324, speed -3
WARNING:Timing:3223 - Timing constraint PATH
   "TS_TIG_MCB_DDR2_CALIB_DONE_SYNCH_path" TIG; ignored during timing analysis.
INFO:Timing:3386 - Intersecting Constraints found and resolved.  For more
   information, see the TSI report.  Please consult the Xilinx Command Line
   Tools User Guide for information on generating a TSI report.
--------------------------------------------------------------------------------
Release 13.4 Trace  (nt64)
Copyright (c) 1995-2011 Xilinx, Inc.  All rights reserved.

C:\Xilinx\13.4\ISE_DS\ISE\bin\nt64\unwrapped\trce.exe -e 3 -xml system.twx
system.ncd system.pcf


Design file:              system.ncd
Physical constraint file: system.pcf
Device,speed:             xc6slx45,-3 (PRODUCTION 1.21 2012-01-07)
Report level:             error report
--------------------------------------------------------------------------------

INFO:Timing:3412 - To improve timing, see the Timing Closure User Guide (UG612).
INFO:Timing:2752 - To get complete path coverage, use the unconstrained paths option. All paths that are not constrained will be reported in
   the unconstrained paths section(s) of the report.
INFO:Timing:3339 - The clock-to-out numbers in this timing report are based on a 50 Ohm transmission line loading model.  For the details of
   this model, and for more information on accounting for different loading conditions, please see the device datasheet.


Timing summary:
---------------

Timing errors: 0  Score: 0 (Setup/Max: 0, Hold: 0)

Constraints cover 480542 paths, 0 nets, and 23118 connections

Design statistics:
   Minimum period:   9.944ns (Maximum frequency: 100.563MHz)


Analysis completed Mon Dec 04 15:43:52 2017
--------------------------------------------------------------------------------

Generating Report ...

Number of warnings: 1
Number of info messages: 4
Total time: 9 secs 


